[debug] [2022-05-10T06:56:07.900Z] ----------------------------------------------------------------------
[debug] [2022-05-10T06:56:07.901Z] Command:       /usr/local/bin/node /usr/local/bin/firebase init
[debug] [2022-05-10T06:56:07.901Z] CLI Version:   10.8.0
[debug] [2022-05-10T06:56:07.901Z] Platform:      darwin
[debug] [2022-05-10T06:56:07.901Z] Node Version:  v16.14.0
[debug] [2022-05-10T06:56:07.902Z] Time:          Tue May 10 2022 12:26:07 GMT+0530 (India Standard Time)
[debug] [2022-05-10T06:56:07.903Z] ----------------------------------------------------------------------
[debug] 
[debug] [2022-05-10T06:56:07.908Z] > command requires scopes: ["email","openid","https://www.googleapis.com/auth/cloudplatformprojects.readonly","https://www.googleapis.com/auth/firebase","https://www.googleapis.com/auth/cloud-platform"]
[debug] [2022-05-10T06:56:07.909Z] > authorizing via signed-in user (harish.pillarisetti@gmail.com)
[info] 
     ######## #### ########  ######## ########     ###     ######  ########
     ##        ##  ##     ## ##       ##     ##  ##   ##  ##       ##
     ######    ##  ########  ######   ########  #########  ######  ######
     ##        ##  ##    ##  ##       ##     ## ##     ##       ## ##
     ##       #### ##     ## ######## ########  ##     ##  ######  ########

You're about to initialize a Firebase project in this directory:

  /Users/harishpillarisetti/Desktop/netflix-clone/netflix-clone

[info] 
=== Project Setup
[info] 
[info] First, let's associate this project directory with a Firebase project.
[info] You can create multiple project aliases by running firebase use --add, 
[info] but for now we'll just set up a default project.
[info] 
[debug] [2022-05-10T06:56:15.895Z] >>> [apiv2][query] GET https://firebase.googleapis.com/v1beta1/projects pageSize=100
[debug] [2022-05-10T06:56:16.624Z] <<< [apiv2][status] GET https://firebase.googleapis.com/v1beta1/projects 200
[debug] [2022-05-10T06:56:16.624Z] <<< [apiv2][body] GET https://firebase.googleapis.com/v1beta1/projects [omitted]
[info] i  Using project netflix-clone-c4fb5 (netflix-clone) 
[info] 
=== Hosting Setup
[info] 
[info] Your public directory is the folder (relative to your project directory) that
[info] will contain Hosting assets to be uploaded with firebase deploy. If you
[info] have a build process for your assets, use your build's output directory.
[info] 
[debug] [2022-05-10T06:57:18.335Z] >>> [apiv2][query] GET https://www.gstatic.com/firebasejs/releases.json [none]
[debug] [2022-05-10T06:57:18.616Z] <<< [apiv2][status] GET https://www.gstatic.com/firebasejs/releases.json 200
[debug] [2022-05-10T06:57:18.616Z] <<< [apiv2][body] GET https://www.gstatic.com/firebasejs/releases.json {"current":{"version":"9.8.1","browserURL":"https://www.gstatic.com/firebasejs/9.8.1/firebase.js","packageURL":"https://www.gstatic.com/firebasejs/9.8.1/firebase.tgz"},"live":{"version":"9.8","browserURL":"https://www.gstatic.com/firebasejs/live/9.8/firebase.js","packageURL":"https://www.gstatic.com/firebasejs/live/9.8/firebase.tgz"},"components":{"analytics":"https://www.gstatic.com/firebasejs/9.8.1/firebase-analytics.js","app":"https://www.gstatic.com/firebasejs/9.8.1/firebase-app.js","app-check":"https://www.gstatic.com/firebasejs/9.8.1/firebase-app-check.js","auth":"https://www.gstatic.com/firebasejs/9.8.1/firebase-auth.js","auth/cordova":"https://www.gstatic.com/firebasejs/9.8.1/firebase-auth/cordova.js","auth/react-native":"https://www.gstatic.com/firebasejs/9.8.1/firebase-auth/react-native.js","functions":"https://www.gstatic.com/firebasejs/9.8.1/firebase-functions.js","firestore":"https://www.gstatic.com/firebasejs/9.8.1/firebase-firestore.js","firestore/lite":"https://www.gstatic.com/firebasejs/9.8.1/firebase-firestore/lite.js","storage":"https://www.gstatic.com/firebasejs/9.8.1/firebase-storage.js","performance":"https://www.gstatic.com/firebasejs/9.8.1/firebase-performance.js","remote-config":"https://www.gstatic.com/firebasejs/9.8.1/firebase-remote-config.js","messaging":"https://www.gstatic.com/firebasejs/9.8.1/firebase-messaging.js","messaging/sw":"https://www.gstatic.com/firebasejs/9.8.1/firebase-messaging/sw.js","database":"https://www.gstatic.com/firebasejs/9.8.1/firebase-database.js","firestore.memory":"https://www.gstatic.com/firebasejs/9.8.1/firebase-firestore.memory.js"}}
[info] ✔  Wrote build/index.html 
[info] 
[info] i  Detected a .git folder at /Users/harishpillarisetti/Desktop/netflix-clone/netflix-clone 
[info] i  Authorizing with GitHub to upload your service account to a GitHub repository's secrets store. 
[info] 
[info] Visit this URL on this device to log in:
[info] https://github.com/login/oauth/authorize?client_id=89cf50f02ac6aaed3484&state=615877192&redirect_uri=http%3A%2F%2Flocalhost%3A9005&scope=read%3Auser%20repo%20public_repo
[info] 
[info] Waiting for authentication...
[debug] [2022-05-10T06:58:32.376Z] >>> HTTP REQUEST POST https://github.com/login/oauth/access_token  
 {"client_id":"89cf50f02ac6aaed3484","client_secret":"3330d14abc895d9a74d5f17cd7a00711fa2c5bf0","code":"f159a110339f8de6bb2d","redirect_uri":"http://localhost:9005","state":"615877192"}
[debug] [2022-05-10T06:58:32.994Z] <<< HTTP RESPONSE 200 {"server":"GitHub.com","date":"Tue, 10 May 2022 06:58:33 GMT","content-type":"application/json; charset=utf-8","transfer-encoding":"chunked","vary":"X-PJAX, X-PJAX-Container, Accept-Encoding, Accept, X-Requested-With","permissions-policy":"interest-cohort=()","etag":"W/\"248b384a8faa9b8d7955dd97452bf14a\"","cache-control":"max-age=0, private, must-revalidate","strict-transport-security":"max-age=31536000; includeSubdomains; preload","x-frame-options":"deny","x-content-type-options":"nosniff","x-xss-protection":"0","referrer-policy":"origin-when-cross-origin, strict-origin-when-cross-origin","expect-ct":"max-age=2592000, report-uri=\"https://api.github.com/_private/browser/errors\"","content-security-policy":"default-src 'none'; base-uri 'self'; block-all-mixed-content; child-src github.com/assets-cdn/worker/ gist.github.com/assets-cdn/worker/; connect-src 'self' uploads.github.com objects-origin.githubusercontent.com www.githubstatus.com collector.github.com raw.githubusercontent.com api.github.com github-cloud.s3.amazonaws.com github-production-repository-file-5c1aeb.s3.amazonaws.com github-production-upload-manifest-file-7fdce7.s3.amazonaws.com github-production-user-asset-6210df.s3.amazonaws.com cdn.optimizely.com logx.optimizely.com/v1/events translator.github.com *.actions.githubusercontent.com wss://*.actions.githubusercontent.com online.visualstudio.com/api/v1/locations github-production-repository-image-32fea6.s3.amazonaws.com github-production-release-asset-2e65be.s3.amazonaws.com insights.github.com wss://alive.github.com; font-src github.githubassets.com; form-action 'self' github.com gist.github.com objects-origin.githubusercontent.com; frame-ancestors 'none'; frame-src render.githubusercontent.com viewscreen.githubusercontent.com notebooks.githubusercontent.com; img-src 'self' data: github.githubassets.com identicons.github.com github-cloud.s3.amazonaws.com secured-user-images.githubusercontent.com/ *.githubusercontent.com; manifest-src 'self'; media-src github.com user-images.githubusercontent.com/; script-src github.githubassets.com; style-src 'unsafe-inline' github.githubassets.com; worker-src github.com/assets-cdn/worker/ gist.github.com/assets-cdn/worker/","x-github-request-id":"17EC:445D:63F37C:70CD80:627A0D18"}
[debug] [2022-05-10T06:58:33.001Z] >>> [apiv2][query] GET https://api.github.com/user [none]
[debug] [2022-05-10T06:58:33.550Z] <<< [apiv2][status] GET https://api.github.com/user 200
[debug] [2022-05-10T06:58:33.550Z] <<< [apiv2][body] GET https://api.github.com/user {"login":"hpsetti","id":44186210,"node_id":"MDQ6VXNlcjQ0MTg2MjEw","avatar_url":"https://avatars.githubusercontent.com/u/44186210?v=4","gravatar_id":"","url":"https://api.github.com/users/hpsetti","html_url":"https://github.com/hpsetti","followers_url":"https://api.github.com/users/hpsetti/followers","following_url":"https://api.github.com/users/hpsetti/following{/other_user}","gists_url":"https://api.github.com/users/hpsetti/gists{/gist_id}","starred_url":"https://api.github.com/users/hpsetti/starred{/owner}{/repo}","subscriptions_url":"https://api.github.com/users/hpsetti/subscriptions","organizations_url":"https://api.github.com/users/hpsetti/orgs","repos_url":"https://api.github.com/users/hpsetti/repos","events_url":"https://api.github.com/users/hpsetti/events{/privacy}","received_events_url":"https://api.github.com/users/hpsetti/received_events","type":"User","site_admin":false,"name":"Harish Pillarisetti","company":"Zuzu","blog":"","location":"Earth C-137","email":null,"hireable":true,"bio":"25. Student. Tech enthusiast. Watches Rick and Morty, Star wars. Also into books and podcasts apart from coding.\r\nCurrently learning: Proper web stndrs and web3","twitter_username":"hpsetti","public_repos":22,"public_gists":0,"followers":1,"following":3,"created_at":"2018-10-16T03:35:46Z","updated_at":"2022-04-18T08:34:12Z","private_gists":0,"total_private_repos":7,"owned_private_repos":7,"disk_usage":106082,"collaborators":1,"two_factor_authentication":false,"plan":{"name":"free","space":976562499,"collaborators":0,"private_repos":10000}}
[info] 
[info] ✔  Success! Logged into GitHub as hpsetti 
[info] 
[debug] [2022-05-10T06:59:14.480Z] >>> [apiv2][query] GET https://api.github.com/repos//actions/secrets/public-key type=owner
[debug] [2022-05-10T06:59:14.907Z] <<< [apiv2][status] GET https://api.github.com/repos//actions/secrets/public-key 404
[debug] [2022-05-10T06:59:14.907Z] <<< [apiv2][body] GET https://api.github.com/repos//actions/secrets/public-key {"message":"Not Found","documentation_url":"https://docs.github.com/rest"}
[debug] [2022-05-10T06:59:16.350Z] >>> [apiv2][query] GET https://api.github.com/repos//actions/secrets/public-key type=owner
[debug] [2022-05-10T06:59:16.793Z] <<< [apiv2][status] GET https://api.github.com/repos//actions/secrets/public-key 404
[debug] [2022-05-10T06:59:16.793Z] <<< [apiv2][body] GET https://api.github.com/repos//actions/secrets/public-key {"message":"Not Found","documentation_url":"https://docs.github.com/rest"}
